[2025-09-11 20:54:19] [INFO] Server started listening on port 8080
[2025-09-11 20:25:39] [INFO] Received a request from attacker IP 192.168.1.100
[2025-09-11 20:59:22] [INFO] Attacker attempting to upload malicious file...
[2025-09-11 20:48:36] [INFO] Attacker uploading segment 1...
[2025-09-11 21:13:44] [DEBUG] Random data injected: AgtACjmKmUOcEBNRRfNd
[2025-09-11 20:27:35] [INFO] File data segment: 327fb9aa22190501dfbff187e8080505050505055f05050505050505342d9d79
[2025-09-11 20:30:46] [ERROR] Upload failure, retrying...
[2025-09-11 20:54:16] [INFO] Uploaded data: ypJNwHwHVnqWHfzohX4s
[2025-09-11 21:01:09] [DEBUG] Connection unstable, retrying upload...
[2025-09-11 21:22:37] [INFO] Uploading...
[2025-09-11 21:05:37] [WARNING] Unexpected system response, continuing...
[2025-09-11 20:54:13] [DEBUG] Attacker uploading segment 2...
[2025-09-11 20:42:02] [DEBUG] Random data injected: 2Nfl6ez3ibUdXXmkuceS
[2025-09-11 20:32:36] [INFO] File data segment: faf24908df5805419100c17f22f3f2eb8c8b55958db6afc91e2bcee47e669f57
[2025-09-11 20:55:26] [ERROR] Upload failure, retrying...
[2025-09-11 20:44:31] [INFO] Uploaded data: 2qnqD2UuRixfYTs4FNZW
[2025-09-11 20:56:39] [DEBUG] Connection unstable, retrying upload...
[2025-09-11 20:47:19] [INFO] Uploading...
[2025-09-11 21:12:52] [WARNING] Unexpected system response, continuing...
[2025-09-11 20:40:50] [ERROR] Attacker uploading segment 3...
[2025-09-11 20:45:30] [DEBUG] Random data injected: c8tulCJwA7OUUNJB9pgC
[2025-09-11 20:36:37] [INFO] File data segment: fdf0f96e05506c2b00c24dc4e66c48174ad858871b436c5ad0c2ce6402ee78d5
[2025-09-11 20:54:52] [ERROR] Upload failure, retrying...
[2025-09-11 20:45:36] [INFO] Uploaded data: hjDNfIrno5T9FCG8Y8F4
[2025-09-11 20:31:14] [DEBUG] Connection unstable, retrying upload...
[2025-09-11 20:23:42] [INFO] Uploading...
[2025-09-11 20:44:04] [WARNING] Unexpected system response, continuing...
[2025-09-11 20:42:01] [WARNING] Attacker uploading segment 4...
[2025-09-11 20:23:22] [DEBUG] Random data injected: eZuXiPJlUqawyypkZ2Bs
[2025-09-11 20:44:52] [INFO] File data segment: 91a11852fbccf8087da614d6b44be4968051072e56b482e52d5c5da493fa066f
[2025-09-11 20:46:47] [ERROR] Upload failure, retrying...
[2025-09-11 20:52:44] [INFO] Uploaded data: Mi5DSyeHqElaEUJbRrVC
[2025-09-11 20:55:57] [DEBUG] Connection unstable, retrying upload...
[2025-09-11 21:21:48] [INFO] Uploading...
[2025-09-11 20:45:43] [WARNING] Unexpected system response, continuing...
[2025-09-11 20:40:34] [WARNING] Attacker uploading segment 5...
[2025-09-11 20:44:09] [DEBUG] Random data injected: MUdshRqwaCmNwaDv4L5A
[2025-09-11 20:58:48] [INFO] File data segment: a5bc334e61aaa216115f81393ac9bc00e725469028c499dd7268b75066cdbc8f
[2025-09-11 21:12:04] [ERROR] Upload failure, retrying...
[2025-09-11 20:32:58] [INFO] Uploaded data: OChXtHAoNJ7FSJZmp26h
[2025-09-11 21:00:34] [DEBUG] Connection unstable, retrying upload...
[2025-09-11 20:44:01] [INFO] Uploading...
[2025-09-11 20:31:41] [WARNING] Unexpected system response, continuing...
[2025-09-11 21:11:04] [WARNING] Attacker uploading segment 6...
[2025-09-11 21:02:02] [DEBUG] Random data injected: U51KbVCYcaz8O7daRdzt
[2025-09-11 20:36:39] [INFO] File data segment: b025346192cbd25af64713883ee3e1786298e638d89d0c90d97cda57db0f58b7
[2025-09-11 20:26:13] [ERROR] Upload failure, retrying...
[2025-09-11 20:48:42] [INFO] Uploaded data: jVnXiTHnGMfMQeBBxLWN
[2025-09-11 21:14:29] [DEBUG] Connection unstable, retrying upload...
[2025-09-11 20:34:57] [INFO] Uploading...
[2025-09-11 21:10:55] [WARNING] Unexpected system response, continuing...
[2025-09-11 20:38:21] [DEBUG] Attacker uploading segment 7...
[2025-09-11 20:43:30] [DEBUG] Random data injected: VdddyqocettjysHlJDps
[2025-09-11 21:07:17] [INFO] File data segment: 01ee40973036aa97ae087c5cf7ebf0113b070d6b44e12fa474f5fce24621fc4f
[2025-09-11 20:24:33] [ERROR] Upload failure, retrying...
[2025-09-11 20:54:19] [INFO] Uploaded data: scbqkw3AluEchEnSMIic
[2025-09-11 20:51:15] [DEBUG] Connection unstable, retrying upload...
[2025-09-11 21:19:46] [INFO] Uploading...
[2025-09-11 20:40:41] [WARNING] Unexpected system response, continuing...
[2025-09-11 20:54:35] [INFO] Attacker uploading segment 8...
[2025-09-11 20:39:22] [DEBUG] Random data injected: F5VK3n9zJTxVqHnBC3WX
[2025-09-11 21:16:01] [INFO] File data segment: 499ee6b5ebfe0b36bfd07587608790c97a8865c5203c07a83467c3f105a9781f
[2025-09-11 21:12:44] [ERROR] Upload failure, retrying...
[2025-09-11 21:00:44] [INFO] Uploaded data: frZFsxu9oc50xLgiVq7R
[2025-09-11 20:33:14] [DEBUG] Connection unstable, retrying upload...
[2025-09-11 20:24:40] [INFO] Uploading...
[2025-09-11 20:50:34] [WARNING] Unexpected system response, continuing...
[2025-09-11 20:58:01] [ERROR] Attacker uploading segment 9...
[2025-09-11 20:42:37] [DEBUG] Random data injected: VKRYSsaguaSvNJ6gf3XR
[2025-09-11 20:33:37] [INFO] File data segment: 2ec19f52e7eb64487a7cdd5beefc5afcfbd3e6b4cc3bf24d6a33b98715d14224
[2025-09-11 21:09:55] [ERROR] Upload failure, retrying...
[2025-09-11 20:53:40] [INFO] Uploaded data: 7tOlbTNSqVuPMhAqGSMZ
[2025-09-11 21:21:47] [DEBUG] Connection unstable, retrying upload...
[2025-09-11 20:56:17] [INFO] Uploading...
[2025-09-11 20:23:02] [WARNING] Unexpected system response, continuing...
[2025-09-11 21:05:41] [DEBUG] Attacker uploading segment 10...
[2025-09-11 20:55:51] [DEBUG] Random data injected: YdAPxsVDRq6tnLn16UHq
[2025-09-11 21:19:23] [INFO] File data segment: f2d1515a510de66281fb09b1225bfabd3233517e0b8f2e182e0ef992e4bbc34c
[2025-09-11 21:13:39] [ERROR] Upload failure, retrying...
[2025-09-11 20:43:13] [INFO] Uploaded data: 9CeyvEvqJhQQj3EbQYaD
[2025-09-11 20:56:57] [DEBUG] Connection unstable, retrying upload...
[2025-09-11 20:45:23] [INFO] Uploading...
[2025-09-11 21:03:59] [WARNING] Unexpected system response, continuing...
[2025-09-11 21:21:19] [ERROR] Attacker uploading segment 11...
[2025-09-11 20:58:39] [DEBUG] Random data injected: 1grQz7RSEGXYFnSRCYce
[2025-09-11 20:43:47] [INFO] File data segment: 776e8d839069cc36e08f77abe775198c3b85743e7d1ce4c391978a52656c88c7
[2025-09-11 21:00:18] [ERROR] Upload failure, retrying...
[2025-09-11 20:52:37] [INFO] Uploaded data: pyXLTSDiqJ6oBk22Hnvl
[2025-09-11 20:27:45] [DEBUG] Connection unstable, retrying upload...
[2025-09-11 21:12:28] [INFO] Uploading...
[2025-09-11 20:36:15] [WARNING] Unexpected system response, continuing...
[2025-09-11 21:01:46] [INFO] Attacker uploading segment 12...
[2025-09-11 20:36:01] [DEBUG] Random data injected: kbCyYnqFkJphDKQ7p2KF
[2025-09-11 20:31:22] [INFO] File data segment: 39470be4380ce637ecea8bd3fc94060ebf3064ad7a5e05e6775e5f37c3cfff1e
[2025-09-11 20:40:42] [ERROR] Upload failure, retrying...
[2025-09-11 20:36:23] [INFO] Uploaded data: T9LyKQJdY5fEGe7W7pia
[2025-09-11 20:41:17] [DEBUG] Connection unstable, retrying upload...
[2025-09-11 20:41:14] [INFO] Uploading...
[2025-09-11 20:41:04] [WARNING] Unexpected system response, continuing...
[2025-09-11 20:29:40] [WARNING] Attacker uploading segment 13...
[2025-09-11 21:17:09] [DEBUG] Random data injected: F0IrYyggXV5JB846tDxj
[2025-09-11 20:54:44] [INFO] File data segment: 4a9a8626a50187be1a5dfe52e53fe01da921b0d3e12edb419072c818e88b949e
[2025-09-11 21:03:12] [ERROR] Upload failure, retrying...
[2025-09-11 20:25:37] [INFO] Uploaded data: ctNVtgV3gH6l5c6dwaWC
[2025-09-11 20:44:44] [DEBUG] Connection unstable, retrying upload...
[2025-09-11 21:13:03] [INFO] Uploading...
[2025-09-11 21:16:20] [WARNING] Unexpected system response, continuing...
[2025-09-11 20:38:10] [DEBUG] Attacker uploading segment 14...
[2025-09-11 21:19:51] [DEBUG] Random data injected: 2uFAgyWsyHu8981nA6lA
[2025-09-11 20:48:32] [INFO] File data segment: 22a361edd479abb4b401b106c74155e37c072f47e4a4601b2e51a2e0e22e0ce5
[2025-09-11 20:27:01] [ERROR] Upload failure, retrying...
[2025-09-11 20:35:42] [INFO] Uploaded data: dc3EbbcdBEhlcEozEUrR
[2025-09-11 21:11:09] [DEBUG] Connection unstable, retrying upload...
[2025-09-11 21:01:39] [INFO] Uploading...
[2025-09-11 21:15:04] [WARNING] Unexpected system response, continuing...
[2025-09-11 20:47:25] [ERROR] Attacker uploading segment 15...
[2025-09-11 20:25:02] [DEBUG] Random data injected: Sc2D1RyGDSrN3NQhTNED
[2025-09-11 20:36:42] [INFO] File data segment: cb96b75e202374bef420ec1d7020bf23021b6ac5399fe68bc88d8c63308a11a3
[2025-09-11 20:57:00] [ERROR] Upload failure, retrying...
[2025-09-11 20:25:28] [INFO] Uploaded data: e8F7M42NjC9gt65rl7Tw
[2025-09-11 20:37:35] [DEBUG] Connection unstable, retrying upload...
[2025-09-11 20:56:14] [INFO] Uploading...
[2025-09-11 21:07:56] [WARNING] Unexpected system response, continuing...
[2025-09-11 20:55:35] [ERROR] Attacker uploading segment 16...
[2025-09-11 21:14:44] [DEBUG] Random data injected: 7gAHUnZcsL3vESqOcbHO
[2025-09-11 20:36:31] [INFO] File data segment: c10967ae5bd33b2805284bda925f651bdd90a437ab30d23790cc9c837fbd3351
[2025-09-11 21:12:37] [ERROR] Upload failure, retrying...
[2025-09-11 21:16:36] [INFO] Uploaded data: AZcMzvv9UgPJlbsIm6az
[2025-09-11 20:26:45] [DEBUG] Connection unstable, retrying upload...
[2025-09-11 20:24:07] [INFO] Uploading...
[2025-09-11 21:05:51] [WARNING] Unexpected system response, continuing...
[2025-09-11 21:00:32] [DEBUG] Attacker uploading segment 17...
[2025-09-11 20:39:20] [DEBUG] Random data injected: yjnLYn2RyYYGGsqj5bkc
[2025-09-11 20:44:34] [INFO] File data segment: a56d16a6d8da705da709dcb100fc4fcf1d2f32e7c425cd08274cc4b5687b1c66
[2025-09-11 20:53:36] [ERROR] Upload failure, retrying...
[2025-09-11 20:35:51] [INFO] Uploaded data: WRkwn2F9Br6ys4aCnUdj
[2025-09-11 20:50:02] [DEBUG] Connection unstable, retrying upload...
[2025-09-11 20:49:48] [INFO] Uploading...
[2025-09-11 20:30:41] [WARNING] Unexpected system response, continuing...
[2025-09-11 20:46:42] [INFO] Attacker uploading segment 18...
[2025-09-11 20:37:16] [DEBUG] Random data injected: o2a4bVQpVfNeofEpXTyl
[2025-09-11 20:44:16] [INFO] File data segment: 70a232013ee94d2ae028ba9ac24a9046685a82c1c90468a0b16fdb1a51cf276e
[2025-09-11 21:18:53] [ERROR] Upload failure, retrying...
[2025-09-11 20:50:37] [INFO] Uploaded data: ztfByof5K1drUAKlfy8K
[2025-09-11 20:57:11] [DEBUG] Connection unstable, retrying upload...
[2025-09-11 20:36:10] [INFO] Uploading...
[2025-09-11 21:06:33] [WARNING] Unexpected system response, continuing...
[2025-09-11 21:18:49] [WARNING] Attacker uploading segment 19...
[2025-09-11 21:11:19] [DEBUG] Random data injected: 8gDEm01HgIh1DgrNWtAl
[2025-09-11 21:16:48] [INFO] File data segment: 29e82a5c128640fd09cd555353b7acfc4bd5bc130c488972bd5be94feef82ca9
[2025-09-11 21:03:25] [ERROR] Upload failure, retrying...
[2025-09-11 20:27:44] [INFO] Uploaded data: Q7NxVTbpytreAWgizbd3
[2025-09-11 20:52:01] [DEBUG] Connection unstable, retrying upload...
[2025-09-11 20:42:51] [INFO] Uploading...
[2025-09-11 21:22:13] [WARNING] Unexpected system response, continuing...
[2025-09-11 21:13:21] [DEBUG] Attacker uploading segment 20...
[2025-09-11 20:52:03] [DEBUG] Random data injected: Vd2KxSJbZLOOUCOOsy2T
[2025-09-11 21:13:13] [INFO] File data segment: 9bb053a6f7890ee81ee6626026067092d01defce359eefb6bd1ddebc862c9aa1
[2025-09-11 20:41:57] [ERROR] Upload failure, retrying...
[2025-09-11 20:46:23] [INFO] Uploaded data: ZiuKgwZoDb0UgG49umFZ
[2025-09-11 21:15:21] [DEBUG] Connection unstable, retrying upload...
[2025-09-11 21:07:05] [INFO] Uploading...
[2025-09-11 20:56:01] [WARNING] Unexpected system response, continuing...
[2025-09-11 20:40:40] [ERROR] Attacker uploading segment 21...
[2025-09-11 20:55:14] [DEBUG] Random data injected: xoGBoCHTPLvXhh1YBXT1
[2025-09-11 20:23:03] [INFO] File data segment: 7f473ca64ce3d959a15e7a934ad7b55b8f8badcd4e183aaecf8b3219eb303242
[2025-09-11 20:39:35] [ERROR] Upload failure, retrying...
[2025-09-11 21:04:50] [INFO] Uploaded data: dATik7y8pPHHxG1icIdc
[2025-09-11 21:19:20] [DEBUG] Connection unstable, retrying upload...
[2025-09-11 20:49:01] [INFO] Uploading...
[2025-09-11 21:10:29] [WARNING] Unexpected system response, continuing...
[2025-09-11 20:56:58] [DEBUG] Attacker uploading segment 22...
[2025-09-11 20:36:59] [DEBUG] Random data injected: r9wnxx3bOI6i9RHU4lOB
[2025-09-11 21:14:09] [INFO] File data segment: 77c124f1fa22f4dbd1fed7bcf3e72f85891eaa13931e2ebecb1dc111171661ee
[2025-09-11 20:34:30] [ERROR] Upload failure, retrying...
[2025-09-11 20:28:55] [INFO] Uploaded data: uWi5kFglsVqehze8FNtW
[2025-09-11 20:59:55] [DEBUG] Connection unstable, retrying upload...
[2025-09-11 20:26:37] [INFO] Uploading...
[2025-09-11 20:58:07] [WARNING] Unexpected system response, continuing...
[2025-09-11 21:22:16] [ERROR] Attacker uploading segment 23...
[2025-09-11 20:24:38] [DEBUG] Random data injected: a1J8kr52Hjkys9WhcpnB
[2025-09-11 21:10:34] [INFO] File data segment: 4e7481dedb9a3ce6f1a24a9589a13dbd4763fc8a2f3be447bc76ab972e40e4a6
[2025-09-11 20:41:39] [ERROR] Upload failure, retrying...
[2025-09-11 20:44:50] [INFO] Uploaded data: 43tgNsw8Xqx9pPZ24zYG
[2025-09-11 20:24:45] [DEBUG] Connection unstable, retrying upload...
[2025-09-11 21:13:53] [INFO] Uploading...
[2025-09-11 21:17:25] [WARNING] Unexpected system response, continuing...
[2025-09-11 21:05:05] [ERROR] Attacker uploading segment 24...
[2025-09-11 21:02:31] [DEBUG] Random data injected: Sx4Bfl7k48laWUHTWUXE
[2025-09-11 20:30:21] [INFO] File data segment: 86c6d0d9edd1a4c6166b40ba6f1647ccd42b3ffea9c3c8ae3e3a60922d998dce
[2025-09-11 20:30:36] [ERROR] Upload failure, retrying...
[2025-09-11 21:11:55] [INFO] Uploaded data: ZcUi6topVbTHuorjfwUJ
[2025-09-11 21:14:52] [DEBUG] Connection unstable, retrying upload...
[2025-09-11 21:15:16] [INFO] Uploading...
[2025-09-11 20:59:37] [WARNING] Unexpected system response, continuing...
[2025-09-11 21:21:04] [INFO] Attacker uploading segment 25...
[2025-09-11 21:11:19] [DEBUG] Random data injected: owSwfAbsqyvDQc3XeRnb
[2025-09-11 20:27:54] [INFO] File data segment: 6c84ac2b2044079dbc55e38c32de1687162ff8d978818cf695205dfa2404e56c
[2025-09-11 21:00:22] [ERROR] Upload failure, retrying...
[2025-09-11 20:22:42] [INFO] Uploaded data: LYJZmJyVR9ObexRmE4u1
[2025-09-11 20:53:07] [DEBUG] Connection unstable, retrying upload...
[2025-09-11 21:05:20] [INFO] Uploading...
[2025-09-11 21:08:47] [WARNING] Unexpected system response, continuing...
[2025-09-11 20:56:55] [WARNING] Attacker uploading segment 26...
[2025-09-11 20:26:11] [DEBUG] Random data injected: Lywz5OttwCTutKGAwxa7
[2025-09-11 20:37:54] [INFO] File data segment: e2525c719aa0e31c077c14be5cb08943e75f218169ce5c6df52e7ae814e5b954
[2025-09-11 20:52:51] [ERROR] Upload failure, retrying...
[2025-09-11 20:45:50] [INFO] Uploaded data: 87lVPou8yjhtwQUbsDwC
[2025-09-11 20:50:51] [DEBUG] Connection unstable, retrying upload...
[2025-09-11 20:51:16] [INFO] Uploading...
[2025-09-11 20:56:00] [WARNING] Unexpected system response, continuing...
[2025-09-11 20:33:06] [INFO] Attacker uploading segment 27...
[2025-09-11 20:48:17] [DEBUG] Random data injected: kTk72740Zwiv0jgM6uKe
[2025-09-11 21:06:29] [INFO] File data segment: 2a723b67f0ca8ba82d64e5bb88fbb0b13dd2ac9493dacbd31ff4919aec8b18a7
[2025-09-11 20:49:04] [ERROR] Upload failure, retrying...
[2025-09-11 21:11:46] [INFO] Uploaded data: 9gAeNEaa5BIY1QrtgZ5z
[2025-09-11 20:41:10] [DEBUG] Connection unstable, retrying upload...
[2025-09-11 20:54:48] [INFO] Uploading...
[2025-09-11 20:39:26] [WARNING] Unexpected system response, continuing...
[2025-09-11 20:33:01] [INFO] Attacker uploading segment 28...
[2025-09-11 21:12:50] [DEBUG] Random data injected: 1OWZm1xvTpFCEjo0wf2f
[2025-09-11 21:19:34] [INFO] File data segment: fa355bb6de9a9af3bfaa0d818d2dd93d5e23a386ed31f30c86ae3bf0591cb001
[2025-09-11 20:46:38] [ERROR] Upload failure, retrying...
[2025-09-11 21:21:34] [INFO] Uploaded data: XoKOPsXKusen9LvDPOeI
[2025-09-11 20:45:45] [DEBUG] Connection unstable, retrying upload...
[2025-09-11 20:56:58] [INFO] Uploading...
[2025-09-11 20:52:22] [WARNING] Unexpected system response, continuing...
[2025-09-11 21:22:35] [ERROR] Attacker uploading segment 29...
[2025-09-11 20:40:46] [DEBUG] Random data injected: KBTFH9Vf91xSJ4SUufAl
[2025-09-11 20:28:08] [INFO] File data segment: 66210948376f52d077f1bbdcd7dc1bd283afcf15de6f1b6a75e7054c87f4eac2
[2025-09-11 21:10:59] [ERROR] Upload failure, retrying...
[2025-09-11 20:26:07] [INFO] Uploaded data: PR6p78mXjZGbghGSasRK
[2025-09-11 21:00:33] [DEBUG] Connection unstable, retrying upload...
[2025-09-11 20:57:42] [INFO] Uploading...
[2025-09-11 20:29:56] [WARNING] Unexpected system response, continuing...
[2025-09-11 21:09:20] [INFO] Attacker uploading segment 30...
[2025-09-11 20:26:18] [DEBUG] Random data injected: WPLEJ98EVyFuInwrzOYr
[2025-09-11 21:17:39] [INFO] File data segment: 924654777e972e88020f49be83d409ea1d7ff91426de6d580d6a45c26c28adcf
[2025-09-11 20:24:52] [ERROR] Upload failure, retrying...
[2025-09-11 20:51:51] [INFO] Uploaded data: B7ZQWwciycfPizHweQXz
[2025-09-11 21:01:19] [DEBUG] Connection unstable, retrying upload...
[2025-09-11 21:06:31] [INFO] Uploading...
[2025-09-11 20:42:34] [WARNING] Unexpected system response, continuing...
[2025-09-11 20:55:11] [WARNING] Attacker uploading segment 31...
[2025-09-11 21:08:22] [DEBUG] Random data injected: oVY7qiiwf1H4goqZOS2O
[2025-09-11 20:54:43] [INFO] File data segment: 1ea73222423e1366c0e6ff43f27141751845a7aa83e790a91b7b3590fec4d3fe
[2025-09-11 20:48:11] [ERROR] Upload failure, retrying...
[2025-09-11 21:05:19] [INFO] Uploaded data: iJcf2p5cTRSWi16USBiA
[2025-09-11 21:07:19] [DEBUG] Connection unstable, retrying upload...
[2025-09-11 20:43:57] [INFO] Uploading...
[2025-09-11 20:52:06] [WARNING] Unexpected system response, continuing...
[2025-09-11 20:32:45] [WARNING] Attacker uploading segment 32...
[2025-09-11 21:09:01] [DEBUG] Random data injected: y9LYzYDKHxnJTikld39l
[2025-09-11 21:14:48] [INFO] File data segment: 5e57b2b11505b4e134d9234a00a78f62ad2547659a902f876821db02295af5f3
[2025-09-11 20:58:11] [ERROR] Upload failure, retrying...
[2025-09-11 21:06:00] [INFO] Uploaded data: ZUD0Ron2TJMuRWAg7nVa
[2025-09-11 20:34:52] [DEBUG] Connection unstable, retrying upload...
[2025-09-11 20:32:25] [INFO] Uploading...
[2025-09-11 20:48:10] [WARNING] Unexpected system response, continuing...
[2025-09-11 20:22:43] [INFO] Attacker uploading segment 33...
[2025-09-11 20:33:05] [DEBUG] Random data injected: j57x87WEMHY50JbR6100
[2025-09-11 20:51:58] [INFO] File data segment: 73bd95dca68526da0bde7e63978c88001915ebdf8dded5874ae1bebb66222450
[2025-09-11 21:09:38] [ERROR] Upload failure, retrying...
[2025-09-11 21:03:50] [INFO] Uploaded data: ui4PP1ZzMsRTQOIIb7ms
[2025-09-11 21:02:01] [DEBUG] Connection unstable, retrying upload...
[2025-09-11 21:08:45] [INFO] Uploading...
[2025-09-11 20:33:41] [WARNING] Unexpected system response, continuing...
[2025-09-11 20:56:58] [DEBUG] Attacker uploading segment 34...
[2025-09-11 20:41:09] [DEBUG] Random data injected: DjbTbutWfbCFnZzmqdb4
[2025-09-11 20:42:43] [INFO] File data segment: 2ee5ec21f547b49d9f558eda7e7b749ac3c872cccb5ed5b357ff261d2b716af5
[2025-09-11 20:34:21] [ERROR] Upload failure, retrying...
[2025-09-11 20:44:27] [INFO] Uploaded data: 8aShcrvpWpdGVOBuF4r4
[2025-09-11 20:23:29] [DEBUG] Connection unstable, retrying upload...
[2025-09-11 21:12:41] [INFO] Uploading...
[2025-09-11 20:23:21] [WARNING] Unexpected system response, continuing...
[2025-09-11 20:25:01] [ERROR] Attacker uploading segment 35...
[2025-09-11 20:54:16] [DEBUG] Random data injected: wqRObNbzfV1o9iNhtZcM
[2025-09-11 21:10:17] [INFO] File data segment: ce10431511d44292ffb72a70f282803ef546d8f34d927624aca998dd296d9b37
[2025-09-11 20:30:42] [ERROR] Upload failure, retrying...
[2025-09-11 21:19:06] [INFO] Uploaded data: XK9vihRd34ehyahrje16
[2025-09-11 20:56:51] [DEBUG] Connection unstable, retrying upload...
[2025-09-11 20:29:15] [INFO] Uploading...
[2025-09-11 21:20:53] [WARNING] Unexpected system response, continuing...
[2025-09-11 21:11:57] [WARNING] Attacker uploading segment 36...
[2025-09-11 20:55:13] [DEBUG] Random data injected: YcSKLutVygGHZkIr74bR
[2025-09-11 20:44:31] [INFO] File data segment: b8478c6fbc9e86e2d20362c8d5f95e54f36c4890c058aa147047bc00de15b78d
[2025-09-11 20:58:37] [ERROR] Upload failure, retrying...
[2025-09-11 21:13:39] [INFO] Uploaded data: 2KYQzMgaW1btDhuQgKHr
[2025-09-11 21:07:39] [DEBUG] Connection unstable, retrying upload...
[2025-09-11 20:48:54] [INFO] Uploading...
[2025-09-11 20:23:41] [WARNING] Unexpected system response, continuing...
[2025-09-11 20:34:17] [DEBUG] Attacker uploading segment 37...
[2025-09-11 21:00:37] [DEBUG] Random data injected: 3vvqkZapDpbiECfiBUBD
[2025-09-11 20:26:54] [INFO] File data segment: 379572bbc22e9141d11b3956f7a1fd8df1ec3ceadf8e58078607a227364700b4
[2025-09-11 21:18:42] [ERROR] Upload failure, retrying...
[2025-09-11 20:57:36] [INFO] Uploaded data: l3Nf6REVUbcRKoTug8JI
[2025-09-11 21:04:47] [DEBUG] Connection unstable, retrying upload...
[2025-09-11 21:13:27] [INFO] Uploading...
[2025-09-11 21:10:25] [WARNING] Unexpected system response, continuing...
[2025-09-11 21:07:19] [WARNING] Attacker uploading segment 38...
[2025-09-11 20:35:11] [DEBUG] Random data injected: ONhJffCSJQfQoroQSUXc
[2025-09-11 21:19:51] [INFO] File data segment: 3cb129797c08cda3bdef0354e8a6c77f5a60d28367e0fa54545817756656b052
[2025-09-11 21:20:31] [ERROR] Upload failure, retrying...
[2025-09-11 21:10:08] [INFO] Uploaded data: zWkNnnPG0mfQ6ZGL0nP9
[2025-09-11 21:03:10] [DEBUG] Connection unstable, retrying upload...
[2025-09-11 20:57:23] [INFO] Uploading...
[2025-09-11 20:29:40] [WARNING] Unexpected system response, continuing...
[2025-09-11 21:16:22] [WARNING] Attacker uploading segment 39...
[2025-09-11 21:09:26] [DEBUG] Random data injected: 0W4HbjQInsUu0FTbWCDn
[2025-09-11 21:06:21] [INFO] File data segment: 8176a01f374b0747437da36f6cdbdabe0e34dfdaddf89651d2e036e2d9b3c6a0
[2025-09-11 21:21:37] [ERROR] Upload failure, retrying...
[2025-09-11 20:53:58] [INFO] Uploaded data: N3ewySslmEWoK1UuZHxm
[2025-09-11 20:55:40] [DEBUG] Connection unstable, retrying upload...
[2025-09-11 21:16:38] [INFO] Uploading...
[2025-09-11 21:18:28] [WARNING] Unexpected system response, continuing...
[2025-09-11 20:39:25] [ERROR] Attacker uploading segment 40...
[2025-09-11 21:16:37] [DEBUG] Random data injected: CroOjC9z2tRAVUvNGZY4
[2025-09-11 20:33:06] [INFO] File data segment: 33ce5f378a67fda0bc375dae4e05cca51faac7ccd05280eea4979c489e85fa54
[2025-09-11 20:30:16] [ERROR] Upload failure, retrying...
[2025-09-11 20:35:51] [INFO] Uploaded data: uN1OR6VLYxMReJuzjVxX
[2025-09-11 20:56:35] [DEBUG] Connection unstable, retrying upload...
[2025-09-11 21:05:25] [INFO] Uploading...
[2025-09-11 20:48:51] [WARNING] Unexpected system response, continuing...
[2025-09-11 21:09:56] [DEBUG] Attacker uploading segment 41...
[2025-09-11 20:37:55] [DEBUG] Random data injected: JO6eE2tzFnj4iDgDC4CM
[2025-09-11 20:30:15] [INFO] File data segment: 88f177e1b0663e2693a14e8d2fb50b60564e691d4e087c3e2145289054bb8133
[2025-09-11 20:57:09] [ERROR] Upload failure, retrying...
[2025-09-11 21:19:09] [INFO] Uploaded data: rSP1B9VUzHyd1zqZXI77
[2025-09-11 20:54:41] [DEBUG] Connection unstable, retrying upload...
[2025-09-11 20:46:13] [INFO] Uploading...
[2025-09-11 20:55:02] [WARNING] Unexpected system response, continuing...
[2025-09-11 21:11:30] [INFO] Attacker uploading segment 42...
[2025-09-11 20:23:55] [DEBUG] Random data injected: lolzZJWiIMY1MFcpXxgl
[2025-09-11 21:14:25] [INFO] File data segment: 606c188b9631172abac37d8e95debf348999224b4a4ea27643e4e10c7eeb3abf
[2025-09-11 20:50:34] [ERROR] Upload failure, retrying...
[2025-09-11 20:56:08] [INFO] Uploaded data: DcqX0OchpzS6yemJ7wWk
[2025-09-11 21:08:21] [DEBUG] Connection unstable, retrying upload...
[2025-09-11 20:29:21] [INFO] Uploading...
[2025-09-11 20:23:45] [WARNING] Unexpected system response, continuing...
[2025-09-11 20:52:16] [ERROR] Attacker uploading segment 43...
[2025-09-11 21:08:53] [DEBUG] Random data injected: G2wJyATnEMrJHo2mpFrl
[2025-09-11 20:25:18] [INFO] File data segment: 983b35e6e5dc9cc5deea6a0ea06e7658bc4010b3aff5e54b983ed57533b6ff8b
[2025-09-11 20:51:18] [ERROR] Upload failure, retrying...
[2025-09-11 21:03:44] [INFO] Uploaded data: upyXDyF86lHvrujHmGbw
[2025-09-11 20:38:50] [DEBUG] Connection unstable, retrying upload...
[2025-09-11 20:38:05] [INFO] Uploading...
[2025-09-11 20:57:45] [WARNING] Unexpected system response, continuing...
[2025-09-11 20:41:59] [INFO] Attacker uploading segment 44...
[2025-09-11 21:17:31] [DEBUG] Random data injected: EZDXttLj63zQ22tgbWl7
[2025-09-11 20:50:03] [INFO] File data segment: 42354237ba327e1c402f17283e546a2fad4e4aeca19a8796f134168ee50ddf07
[2025-09-11 21:13:09] [ERROR] Upload failure, retrying...
[2025-09-11 20:30:47] [INFO] Uploaded data: T3b9HSligdsT84NfFkPe
[2025-09-11 21:05:29] [DEBUG] Connection unstable, retrying upload...
[2025-09-11 21:07:21] [INFO] Uploading...
[2025-09-11 20:34:24] [WARNING] Unexpected system response, continuing...
[2025-09-11 21:09:12] [DEBUG] Attacker uploading segment 45...
[2025-09-11 21:02:31] [DEBUG] Random data injected: C6jd5QJHFGGTs12xDX3z
[2025-09-11 21:16:22] [INFO] File data segment: c2be65d92b1574a662ff95519aaa51ca1b7e00d6f21e825dc2988fd613f50657
[2025-09-11 21:20:14] [ERROR] Upload failure, retrying...
[2025-09-11 21:14:14] [INFO] Uploaded data: H1cnvoziodDj6a6uggZJ
[2025-09-11 21:02:56] [DEBUG] Connection unstable, retrying upload...
[2025-09-11 21:12:10] [INFO] Uploading...
[2025-09-11 20:44:36] [WARNING] Unexpected system response, continuing...
[2025-09-11 20:38:04] [ERROR] Attacker uploading segment 46...
[2025-09-11 21:08:48] [DEBUG] Random data injected: SoR7EMqjMiUiBrmLgjcZ
[2025-09-11 20:55:27] [INFO] File data segment: 10b410972f200a801ef1f100dc970d2b553dc52293357100ac6090275692ad44
[2025-09-11 20:50:34] [ERROR] Upload failure, retrying...
[2025-09-11 21:21:34] [INFO] Uploaded data: KZpQGoc1yThXL0M9rzwB
[2025-09-11 20:51:15] [DEBUG] Connection unstable, retrying upload...
[2025-09-11 21:17:54] [INFO] Uploading...
[2025-09-11 21:05:48] [WARNING] Unexpected system response, continuing...
[2025-09-11 20:26:07] [DEBUG] Attacker uploading segment 47...
[2025-09-11 21:12:24] [DEBUG] Random data injected: HAPBOwMFLgGV7D7DvmW2
[2025-09-11 20:34:16] [INFO] File data segment: cdec2c33dbe96b11c62c4cb35954e6fe0dab31097aa65e69fb5777d2619b1210
[2025-09-11 20:58:03] [ERROR] Upload failure, retrying...
[2025-09-11 21:08:17] [INFO] Uploaded data: WpoSa8nKSlSDR8KMRiYL
[2025-09-11 21:12:13] [DEBUG] Connection unstable, retrying upload...
[2025-09-11 20:55:42] [INFO] Uploading...
[2025-09-11 20:56:24] [WARNING] Unexpected system response, continuing...
[2025-09-11 20:30:04] [WARNING] Attacker uploading segment 48...
[2025-09-11 20:55:31] [DEBUG] Random data injected: ifGGVy8Fn8Cq7r2x66sT
[2025-09-11 21:05:04] [INFO] File data segment: 0714e8143c05cdd86f50ae140429baa671ade45c6518cff981836234cd9baa2b
[2025-09-11 20:37:45] [ERROR] Upload failure, retrying...
[2025-09-11 20:36:31] [INFO] Uploaded data: j8IrvDUv5CIZ6Y8rGsWu
[2025-09-11 21:00:39] [DEBUG] Connection unstable, retrying upload...
[2025-09-11 20:57:58] [INFO] Uploading...
[2025-09-11 20:52:52] [WARNING] Unexpected system response, continuing...
[2025-09-11 20:34:44] [WARNING] Attacker uploading segment 49...
[2025-09-11 20:58:49] [DEBUG] Random data injected: 902JQ5nGHCNyFIYsX5hn
[2025-09-11 20:24:03] [INFO] File data segment: 7947b1bb452c85ad276d42d1981d7d5923494da445f08f9df75d83dd2e8c4ccd
[2025-09-11 20:59:02] [ERROR] Upload failure, retrying...
[2025-09-11 20:28:17] [INFO] Uploaded data: KmcRGRCxZuA7C1LQMaD3
[2025-09-11 21:19:10] [DEBUG] Connection unstable, retrying upload...
[2025-09-11 20:38:47] [INFO] Uploading...
[2025-09-11 21:02:37] [WARNING] Unexpected system response, continuing...
[2025-09-11 20:42:18] [ERROR] Attacker uploading segment 50...
[2025-09-11 21:06:18] [DEBUG] Random data injected: QJexunItbHFH8SLXydPx
[2025-09-11 21:02:54] [INFO] File data segment: 6277e69edbc82985307fdba40f9203eb0ada86067b7f9048954fb0d29e9ed795
[2025-09-11 20:39:17] [ERROR] Upload failure, retrying...
[2025-09-11 21:11:51] [INFO] Uploaded data: Sp0KGm3MwaACwF7MO9dA
[2025-09-11 20:55:52] [DEBUG] Connection unstable, retrying upload...
[2025-09-11 20:57:24] [INFO] Uploading...
[2025-09-11 20:46:41] [WARNING] Unexpected system response, continuing...
[2025-09-11 20:37:26] [ERROR] Attacker uploading segment 51...
[2025-09-11 20:36:57] [DEBUG] Random data injected: vMV6wbz4J1pqRKeaCPfK
[2025-09-11 20:36:53] [INFO] File data segment: cfd2d95ee44123c2c31de7faf98f457894c18cc1d411b7f3dd872ff99bac5ed8
[2025-09-11 20:51:35] [ERROR] Upload failure, retrying...
[2025-09-11 21:09:58] [INFO] Uploaded data: xklaHV7wo9WFqOv1cyRL
[2025-09-11 20:32:47] [DEBUG] Connection unstable, retrying upload...
[2025-09-11 20:37:48] [INFO] Uploading...
[2025-09-11 20:40:26] [WARNING] Unexpected system response, continuing...
[2025-09-11 20:57:46] [DEBUG] Attacker uploading segment 52...
[2025-09-11 21:01:28] [DEBUG] Random data injected: LdE187VHuufVC1oHUw57
[2025-09-11 21:19:05] [INFO] File data segment: 6e4970f944eafa0d904b4f9f617d272c7c55974753bbf637db0cade3b1b6b38e
[2025-09-11 20:32:25] [ERROR] Upload failure, retrying...
[2025-09-11 20:59:59] [INFO] Uploaded data: uJKLKMvfQr8ngR3hhP3G
[2025-09-11 20:37:10] [DEBUG] Connection unstable, retrying upload...
[2025-09-11 21:06:55] [INFO] Uploading...
[2025-09-11 20:31:35] [WARNING] Unexpected system response, continuing...
[2025-09-11 20:43:35] [DEBUG] Attacker uploading segment 53...
[2025-09-11 20:52:24] [DEBUG] Random data injected: 3YzSAXJQpcXtTR62iPYN
[2025-09-11 20:42:39] [INFO] File data segment: 20dd7a7ebde53ea4fbe3c917dc1864cf476bffae8554c46e2a2253c3856a8456
[2025-09-11 20:35:16] [ERROR] Upload failure, retrying...
[2025-09-11 20:45:24] [INFO] Uploaded data: pPT6T9Rq3tlbcMUv3i2O
[2025-09-11 20:50:48] [DEBUG] Connection unstable, retrying upload...
[2025-09-11 20:27:27] [INFO] Uploading...
[2025-09-11 21:17:01] [WARNING] Unexpected system response, continuing...
[2025-09-11 20:59:23] [ERROR] Attacker uploading segment 54...
[2025-09-11 21:01:33] [DEBUG] Random data injected: tDc1f6b9fFm9cQJpglKK
[2025-09-11 20:41:19] [INFO] File data segment: ff354f180d73fd0699f9934760471d464caf7526dfea6ae40607486e173ddd41
[2025-09-11 20:47:09] [ERROR] Upload failure, retrying...
[2025-09-11 21:00:48] [INFO] Uploaded data: rE6UKoR4boAYp66HwZPo
[2025-09-11 21:20:32] [DEBUG] Connection unstable, retrying upload...
[2025-09-11 21:01:27] [INFO] Uploading...
[2025-09-11 20:45:10] [WARNING] Unexpected system response, continuing...
[2025-09-11 20:51:16] [DEBUG] Attacker uploading segment 55...
[2025-09-11 20:39:15] [DEBUG] Random data injected: yDUuL37Fmv96BBqYxotV
[2025-09-11 20:51:44] [INFO] File data segment: ba48a8322dc5622dcd60a24f7d91eeac0847afd4324b18191e1e0bbb55d770a7
[2025-09-11 20:59:51] [ERROR] Upload failure, retrying...
[2025-09-11 20:51:18] [INFO] Uploaded data: 69oxxFAiooTBTJKxv1si
[2025-09-11 20:44:31] [DEBUG] Connection unstable, retrying upload...
[2025-09-11 21:07:58] [INFO] Uploading...
[2025-09-11 20:53:23] [WARNING] Unexpected system response, continuing...
[2025-09-11 21:00:02] [WARNING] Attacker uploading segment 56...
[2025-09-11 20:59:32] [DEBUG] Random data injected: yJmhI2qCczD9MhNJh5yD
[2025-09-11 21:06:52] [INFO] File data segment: 8cd3bd9114c73b6664832e11c331b15ba901c62c894fe8dd6ffcaaa64d1254c0
[2025-09-11 20:45:55] [ERROR] Upload failure, retrying...
[2025-09-11 20:32:50] [INFO] Uploaded data: Yo10APo3kchvcH6DWlv1
[2025-09-11 20:33:58] [DEBUG] Connection unstable, retrying upload...
[2025-09-11 21:20:40] [INFO] Uploading...
[2025-09-11 21:20:51] [WARNING] Unexpected system response, continuing...
[2025-09-11 20:25:29] [INFO] Attacker uploading segment 57...
[2025-09-11 20:45:46] [DEBUG] Random data injected: 6nFJpmU30DekabDTHkqU
[2025-09-11 20:53:59] [INFO] File data segment: f63da11dfcc0770f990d9eec5a422172918f287903aa569a3dcaced704049bb2
[2025-09-11 20:51:02] [ERROR] Upload failure, retrying...
[2025-09-11 21:13:07] [INFO] Uploaded data: zmyklV9ogNynaQFKC4ab
[2025-09-11 21:02:10] [DEBUG] Connection unstable, retrying upload...
[2025-09-11 20:33:32] [INFO] Uploading...
[2025-09-11 20:24:30] [WARNING] Unexpected system response, continuing...
[2025-09-11 20:48:32] [DEBUG] Attacker uploading segment 58...
[2025-09-11 21:03:14] [DEBUG] Random data injected: CcaVa9uR8imkS1TbcKRN
[2025-09-11 20:48:37] [INFO] File data segment: 17e9ef45a134c79c7361bbd54954b071e929d0b1199c383e15e9ed5cb3e76303
[2025-09-11 20:26:55] [ERROR] Upload failure, retrying...
[2025-09-11 21:00:21] [INFO] Uploaded data: qtQ2NspYfHe50Ep7t7Bk
[2025-09-11 20:32:02] [DEBUG] Connection unstable, retrying upload...
[2025-09-11 20:58:29] [INFO] Uploading...
[2025-09-11 21:07:49] [WARNING] Unexpected system response, continuing...
[2025-09-11 21:14:23] [INFO] Attacker uploading segment 59...
[2025-09-11 20:58:08] [DEBUG] Random data injected: UEN6rtZV7f1lryM8mfOi
[2025-09-11 21:01:08] [INFO] File data segment: 90004be5abcefb44305abb11ea1b81b0435069d20a9af472c95a82a57f9819c2
[2025-09-11 21:02:53] [ERROR] Upload failure, retrying...
[2025-09-11 21:13:13] [INFO] Uploaded data: 60PwR4WMHX2SbikvYd0p
[2025-09-11 20:48:25] [DEBUG] Connection unstable, retrying upload...
[2025-09-11 20:51:49] [INFO] Uploading...
[2025-09-11 20:47:52] [WARNING] Unexpected system response, continuing...
[2025-09-11 20:47:16] [DEBUG] Attacker uploading segment 60...
[2025-09-11 21:21:20] [DEBUG] Random data injected: 1o02aOPZ5ivEEmYQcsbn
[2025-09-11 20:23:18] [INFO] File data segment: 0955422e6fdaa2ea3027e8d22331934d7d58e44a5f3d80f1fd923261db7eccaf
[2025-09-11 21:02:02] [ERROR] Upload failure, retrying...
[2025-09-11 20:44:36] [INFO] Uploaded data: 3qViIBAqo16VttsNeuKe
[2025-09-11 20:32:01] [DEBUG] Connection unstable, retrying upload...
[2025-09-11 20:49:36] [INFO] Uploading...
[2025-09-11 20:37:15] [WARNING] Unexpected system response, continuing...
[2025-09-11 20:45:30] [ERROR] Attacker uploading segment 61...
[2025-09-11 20:24:01] [DEBUG] Random data injected: vLMkQp4CHNj2TRYrj297
[2025-09-11 20:27:31] [INFO] File data segment: 4f39ffb6bae8bb09234a70cdaf786b1cf4db59f18a3255dcbb5ecf2cf0e13189
[2025-09-11 20:59:06] [ERROR] Upload failure, retrying...
[2025-09-11 21:08:04] [INFO] Uploaded data: 6BCDid1aeXSkJGSGDXeI
[2025-09-11 20:47:01] [DEBUG] Connection unstable, retrying upload...
[2025-09-11 21:10:50] [INFO] Uploading...
[2025-09-11 20:37:22] [WARNING] Unexpected system response, continuing...
[2025-09-11 21:07:31] [ERROR] Attacker uploading segment 62...
[2025-09-11 21:05:41] [DEBUG] Random data injected: 0RRCZMSaSzFqtuVgwq6N
[2025-09-11 20:32:12] [INFO] File data segment: 4c86c1cae294fea4095d7446b910d7c4830d8bdb5831519ead111646956b0f16
[2025-09-11 21:05:41] [ERROR] Upload failure, retrying...
[2025-09-11 21:02:07] [INFO] Uploaded data: npMrDIIQ0VQTbOIfOJK5
[2025-09-11 21:00:41] [DEBUG] Connection unstable, retrying upload...
[2025-09-11 20:48:53] [INFO] Uploading...
[2025-09-11 20:53:13] [WARNING] Unexpected system response, continuing...
[2025-09-11 21:01:19] [DEBUG] Attacker uploading segment 63...
[2025-09-11 20:30:44] [DEBUG] Random data injected: G1IYhSrptMQjIDxebb56
[2025-09-11 20:48:41] [INFO] File data segment: d764a8673061068a7b281bf388aec9ca93b3d1bc0f47561d5fd3e141772704d4
[2025-09-11 21:21:03] [ERROR] Upload failure, retrying...
[2025-09-11 20:32:15] [INFO] Uploaded data: NRKCp3WbXc513bR4MQzY
[2025-09-11 21:21:29] [DEBUG] Connection unstable, retrying upload...
[2025-09-11 20:39:51] [INFO] Uploading...
[2025-09-11 21:08:39] [WARNING] Unexpected system response, continuing...
[2025-09-11 21:06:55] [ERROR] Attacker uploading segment 64...
[2025-09-11 21:05:22] [DEBUG] Random data injected: rxdRzFxa6sGV9sFajSqI
[2025-09-11 20:32:37] [INFO] File data segment: d93a65f23ce618029d57ffc69f7464e478695bb9f20c6fee55bce972f996d161
[2025-09-11 20:57:37] [ERROR] Upload failure, retrying...
[2025-09-11 20:31:02] [INFO] Uploaded data: uQ4xWoKZEG9375RmDuQ0
[2025-09-11 20:37:03] [DEBUG] Connection unstable, retrying upload...
[2025-09-11 20:28:16] [INFO] Uploading...
[2025-09-11 20:57:57] [WARNING] Unexpected system response, continuing...
[2025-09-11 20:25:28] [ERROR] Attacker uploading segment 65...
[2025-09-11 20:49:23] [DEBUG] Random data injected: dA1Ew8A1zmI2iog6729a
[2025-09-11 21:18:56] [INFO] File data segment: ecf1909b328f8207dc1673013c7bb098fef647d43b64dd4d9334f6e2bdde777e
[2025-09-11 21:22:06] [ERROR] Upload failure, retrying...
[2025-09-11 21:00:28] [INFO] Uploaded data: zvMoxipckxxwOof1P2BD
[2025-09-11 20:27:15] [DEBUG] Connection unstable, retrying upload...
[2025-09-11 20:32:37] [INFO] Uploading...
[2025-09-11 20:55:15] [WARNING] Unexpected system response, continuing...
[2025-09-11 20:54:45] [WARNING] Attacker uploading segment 66...
[2025-09-11 20:42:14] [DEBUG] Random data injected: 88XELgwlamHb3wd55ucY
[2025-09-11 20:52:25] [INFO] File data segment: da8dacea08e2354cd05382acdc1f51a90589450fabcf5b38305897e21d14c232
[2025-09-11 20:51:54] [ERROR] Upload failure, retrying...
[2025-09-11 20:27:29] [INFO] Uploaded data: ZTakGNsqdpbZu7rU1EkV
[2025-09-11 21:12:23] [DEBUG] Connection unstable, retrying upload...
[2025-09-11 20:46:54] [INFO] Uploading...
[2025-09-11 20:48:24] [WARNING] Unexpected system response, continuing...
[2025-09-11 21:15:11] [DEBUG] Attacker uploading segment 67...
[2025-09-11 21:01:02] [DEBUG] Random data injected: 6XbSCAEjstsAU6xsTmOF
[2025-09-11 20:56:19] [INFO] File data segment: 491c9f67f35b99584558af77a3689df654fd9a4754e22536455c048d2c26b5b8
[2025-09-11 20:47:24] [ERROR] Upload failure, retrying...
[2025-09-11 21:06:36] [INFO] Uploaded data: 9UADONt7HMJsbWWTSJvd
[2025-09-11 20:24:36] [DEBUG] Connection unstable, retrying upload...
[2025-09-11 20:57:34] [INFO] Uploading...
[2025-09-11 20:41:13] [WARNING] Unexpected system response, continuing...
[2025-09-11 20:52:58] [DEBUG] Attacker uploading segment 68...
[2025-09-11 21:12:04] [DEBUG] Random data injected: Wey49VwhiwaqayBLh7Sp
[2025-09-11 20:44:32] [INFO] File data segment: de9b2e1f6eb2c4c6fd38f71ba79824a2dafc3073d7c512e0438dbae81b6217d6
[2025-09-11 20:51:54] [ERROR] Upload failure, retrying...
[2025-09-11 21:10:02] [INFO] Uploaded data: pF1aHm89orq6fuHN5SgI
[2025-09-11 21:20:03] [DEBUG] Connection unstable, retrying upload...
[2025-09-11 20:23:51] [INFO] Uploading...
[2025-09-11 20:47:07] [WARNING] Unexpected system response, continuing...
[2025-09-11 20:34:41] [DEBUG] Attacker uploading segment 69...
[2025-09-11 21:03:45] [DEBUG] Random data injected: EddHbvjq8jlGKaPkyZ5m
[2025-09-11 20:46:14] [INFO] File data segment: 08487fcf955544eac318f5b5412acbf0381b058cd588651493ba7c95df4a6c27
[2025-09-11 20:25:29] [ERROR] Upload failure, retrying...
[2025-09-11 20:24:17] [INFO] Uploaded data: GfrGgRfyp2G8FkPJXuMP
[2025-09-11 21:22:25] [DEBUG] Connection unstable, retrying upload...
[2025-09-11 21:12:25] [INFO] Uploading...
[2025-09-11 20:43:06] [WARNING] Unexpected system response, continuing...
[2025-09-11 21:21:27] [INFO] Attacker uploading segment 70...
[2025-09-11 21:13:41] [DEBUG] Random data injected: I4cqTGMpaW7pr9IcoAgH
[2025-09-11 20:30:14] [INFO] File data segment: ec77ad24d2206ed165aa6ca19485796b6a660a6ca2da0426bc1b66156788af0d
[2025-09-11 20:51:08] [ERROR] Upload failure, retrying...
[2025-09-11 20:39:31] [INFO] Uploaded data: RdZCFMze92ejgfYJkyv1
[2025-09-11 20:56:45] [DEBUG] Connection unstable, retrying upload...
[2025-09-11 21:10:54] [INFO] Uploading...
[2025-09-11 20:46:56] [WARNING] Unexpected system response, continuing...
[2025-09-11 20:48:25] [ERROR] Attacker uploading segment 71...
[2025-09-11 20:41:45] [DEBUG] Random data injected: oYziVlnX9h4HD5DZbkuG
[2025-09-11 20:52:57] [INFO] File data segment: 293b49fc702e0546ec43bbd7a7d9ce6872ee49878f8f450e09453472683269b2
[2025-09-11 20:34:53] [ERROR] Upload failure, retrying...
[2025-09-11 20:23:21] [INFO] Uploaded data: wv7u6tgtvEMst7c3o503
[2025-09-11 20:59:18] [DEBUG] Connection unstable, retrying upload...
[2025-09-11 20:22:46] [INFO] Uploading...
[2025-09-11 20:49:04] [WARNING] Unexpected system response, continuing...
[2025-09-11 21:17:47] [ERROR] Attacker uploading segment 72...
[2025-09-11 21:06:28] [DEBUG] Random data injected: eRgcElp0OMU4UaiC0kah
[2025-09-11 20:32:23] [INFO] File data segment: 4a7a2ba6f24d31577f036deb6adfde769884b2443ab0548123c459fe92fadac6
[2025-09-11 20:28:40] [ERROR] Upload failure, retrying...
[2025-09-11 20:52:16] [INFO] Uploaded data: hWx0qAnI1dQR3crPIdgC
[2025-09-11 21:15:34] [DEBUG] Connection unstable, retrying upload...
[2025-09-11 21:03:26] [INFO] Uploading...
[2025-09-11 21:04:49] [WARNING] Unexpected system response, continuing...
[2025-09-11 21:02:29] [ERROR] Attacker uploading segment 73...
[2025-09-11 20:51:22] [DEBUG] Random data injected: R7LdpGlpZVFAS0r5TjnT
[2025-09-11 21:22:19] [INFO] File data segment: cab8d271e754f3354f0a65beff0136dde815523b2035542d989155b7c5a64d70
[2025-09-11 21:12:26] [ERROR] Upload failure, retrying...
[2025-09-11 21:00:17] [INFO] Uploaded data: 1WBy6d8TZNyRyeJbfI7L
[2025-09-11 20:36:50] [DEBUG] Connection unstable, retrying upload...
[2025-09-11 20:58:18] [INFO] Uploading...
[2025-09-11 21:05:38] [WARNING] Unexpected system response, continuing...
[2025-09-11 20:40:31] [DEBUG] Attacker uploading segment 74...
[2025-09-11 21:16:22] [DEBUG] Random data injected: X0oOe46azni6P9k7IPkn
[2025-09-11 20:29:25] [INFO] File data segment: 8584f2dbbe90303f54edd7f5443d9e6931e53e554305b0b5cde8467e7974061e
[2025-09-11 20:34:27] [ERROR] Upload failure, retrying...
[2025-09-11 21:00:05] [INFO] Uploaded data: TTyySdAknvPwjGwZSchF
[2025-09-11 20:42:22] [DEBUG] Connection unstable, retrying upload...
[2025-09-11 20:35:25] [INFO] Uploading...
[2025-09-11 21:08:17] [WARNING] Unexpected system response, continuing...
[2025-09-11 20:44:45] [DEBUG] Attacker uploading segment 75...
[2025-09-11 20:23:06] [DEBUG] Random data injected: XnxjVDXNvt7bnmE5lxVf
[2025-09-11 21:14:31] [INFO] File data segment: a916b4eb3e03594cd9d19b577557a23b21f0c53c6307647a02666f2cfe9dc920
[2025-09-11 20:59:35] [ERROR] Upload failure, retrying...
[2025-09-11 21:17:25] [INFO] Uploaded data: 3nJhBlgaYPdQIBZaOkCs
[2025-09-11 21:03:45] [DEBUG] Connection unstable, retrying upload...
[2025-09-11 21:01:57] [INFO] Uploading...
[2025-09-11 21:10:00] [WARNING] Unexpected system response, continuing...
[2025-09-11 20:55:37] [DEBUG] Attacker uploading segment 76...
[2025-09-11 21:17:27] [DEBUG] Random data injected: oZO0DjpJxAuUW9CMnWBL
[2025-09-11 20:30:31] [INFO] File data segment: d7c6ef67de5ebbc23274904f6564756fa041a9f5e00205b41d472b4718fe5326
[2025-09-11 20:50:28] [ERROR] Upload failure, retrying...
[2025-09-11 20:57:26] [INFO] Uploaded data: XtQUuoR6KUrr9BGTUoFo
[2025-09-11 20:32:43] [DEBUG] Connection unstable, retrying upload...
[2025-09-11 20:31:36] [INFO] Uploading...
[2025-09-11 20:43:57] [WARNING] Unexpected system response, continuing...
[2025-09-11 20:24:11] [INFO] Attacker uploading segment 77...
[2025-09-11 21:09:03] [DEBUG] Random data injected: 5L7mHFbahGVj7xJrI3BU
[2025-09-11 21:12:36] [INFO] File data segment: b58c54a329dc9231aab3513282700ad23dcbc31689e07360a6022f169d8f5f16
[2025-09-11 20:38:04] [ERROR] Upload failure, retrying...
[2025-09-11 20:56:21] [INFO] Uploaded data: 5OLZSGumch6sqfCLHhhn
[2025-09-11 20:56:55] [DEBUG] Connection unstable, retrying upload...
[2025-09-11 20:52:06] [INFO] Uploading...
[2025-09-11 20:39:03] [WARNING] Unexpected system response, continuing...
[2025-09-11 21:09:22] [WARNING] Attacker uploading segment 78...
[2025-09-11 20:58:14] [DEBUG] Random data injected: LrnWRo2q4160AiEoUaNx
[2025-09-11 21:17:35] [INFO] File data segment: 0d2b5c17bd2e22cefb631249cd0f2c227d114f500c5b3d5c600f8bdfd8bdddc5
[2025-09-11 21:13:00] [ERROR] Upload failure, retrying...
[2025-09-11 21:00:40] [INFO] Uploaded data: QnmXc2P6EXn43MpH6T3j
[2025-09-11 21:11:50] [DEBUG] Connection unstable, retrying upload...
[2025-09-11 21:16:42] [INFO] Uploading...
[2025-09-11 21:21:52] [WARNING] Unexpected system response, continuing...
[2025-09-11 21:21:08] [DEBUG] Attacker uploading segment 79...
[2025-09-11 20:26:46] [DEBUG] Random data injected: m1e56cJlQgy0OFZV9xFh
[2025-09-11 21:07:23] [INFO] File data segment: 53d8ac5dc5f5fb4a55c9b9f8d511b7e7eba5a16b30b15d923ff8f7f951186d33
[2025-09-11 20:26:08] [ERROR] Upload failure, retrying...
[2025-09-11 20:55:23] [INFO] Uploaded data: O1OPupUU1N5HqndXgJcW
[2025-09-11 21:11:05] [DEBUG] Connection unstable, retrying upload...
[2025-09-11 20:55:55] [INFO] Uploading...
[2025-09-11 20:29:21] [WARNING] Unexpected system response, continuing...
[2025-09-11 20:40:03] [ERROR] Attacker uploading segment 80...
[2025-09-11 21:20:51] [DEBUG] Random data injected: Z4LceJViOs68y88cqG7l
[2025-09-11 20:48:15] [INFO] File data segment: b100c98d7d5451c43ec2afe387afd333715e5da7d7a107c2ff6ad8368d5e4b97
[2025-09-11 20:37:50] [ERROR] Upload failure, retrying...
[2025-09-11 20:24:11] [INFO] Uploaded data: kEkVZlEAouSu3966QqKq
[2025-09-11 20:41:10] [DEBUG] Connection unstable, retrying upload...
[2025-09-11 21:06:36] [INFO] Uploading...
[2025-09-11 20:28:14] [WARNING] Unexpected system response, continuing...
[2025-09-11 21:21:25] [INFO] Attacker uploading segment 81...
[2025-09-11 20:38:08] [DEBUG] Random data injected: sZqNIL0WEfBIxVaPRbvX
[2025-09-11 21:04:22] [INFO] File data segment: c11ffa16a26f991392df5b1c69629f26984ec42b1402c1bc58f58b52bb70f789
[2025-09-11 21:03:02] [ERROR] Upload failure, retrying...
[2025-09-11 20:43:27] [INFO] Uploaded data: slNAAufXRfi18SIbf4R3
[2025-09-11 20:47:44] [DEBUG] Connection unstable, retrying upload...
[2025-09-11 21:20:37] [INFO] Uploading...
[2025-09-11 20:55:20] [WARNING] Unexpected system response, continuing...
[2025-09-11 21:13:38] [WARNING] Attacker uploading segment 82...
[2025-09-11 20:53:23] [DEBUG] Random data injected: ngjhL2FHNgr6tB5GIoPl
[2025-09-11 21:15:19] [INFO] File data segment: 51802ee10c174ca25b339b029f26662d1ae279cc6649a826c921624c0c018f9a
[2025-09-11 21:08:56] [ERROR] Upload failure, retrying...
[2025-09-11 21:02:13] [INFO] Uploaded data: e3MwogGR0QFONudK0rwe
[2025-09-11 20:32:03] [DEBUG] Connection unstable, retrying upload...
[2025-09-11 21:08:57] [INFO] Uploading...
[2025-09-11 21:09:09] [WARNING] Unexpected system response, continuing...
[2025-09-11 21:22:23] [INFO] Attacker uploading segment 83...
[2025-09-11 21:07:01] [DEBUG] Random data injected: AC8eyaDtrm1U57wfB0XM
[2025-09-11 20:51:25] [INFO] File data segment: 92c8882c8a06ecee8680fb3a7863a8a81bcfd41e982341919d91404c24e2a04e
[2025-09-11 21:04:13] [ERROR] Upload failure, retrying...
[2025-09-11 20:43:25] [INFO] Uploaded data: 2enBlXENK0kjuB2jWyV1
[2025-09-11 21:18:29] [DEBUG] Connection unstable, retrying upload...
[2025-09-11 20:58:33] [INFO] Uploading...
[2025-09-11 21:11:33] [WARNING] Unexpected system response, continuing...
[2025-09-11 20:56:30] [WARNING] Attacker uploading segment 84...
[2025-09-11 21:09:15] [DEBUG] Random data injected: gZfPjlzIu7KWpLp1FeKV
[2025-09-11 20:57:20] [INFO] File data segment: 6d36aef818ccbca4ec37fb3706d450ec90a9b03048a9c9a93308f2bd579abe3f
[2025-09-11 21:15:40] [ERROR] Upload failure, retrying...
[2025-09-11 21:22:32] [INFO] Uploaded data: sAsFwmrZWg5g0kX4vIg6
[2025-09-11 20:41:48] [DEBUG] Connection unstable, retrying upload...
[2025-09-11 21:01:59] [INFO] Uploading...
[2025-09-11 20:36:21] [WARNING] Unexpected system response, continuing...
[2025-09-11 20:40:38] [INFO] Attacker uploading segment 85...
[2025-09-11 21:09:59] [DEBUG] Random data injected: qTH3as5irpk8y0RkGcPg
[2025-09-11 20:51:04] [INFO] File data segment: aa8dea98bb3776d7ad4f2cd14959427353e4bb849ae275ec3f71f4512a8c3acc
[2025-09-11 20:28:56] [ERROR] Upload failure, retrying...
[2025-09-11 20:27:12] [INFO] Uploaded data: VI0rFofKI44gCcpuuYaJ
[2025-09-11 20:26:23] [DEBUG] Connection unstable, retrying upload...
[2025-09-11 21:14:09] [INFO] Uploading...
[2025-09-11 20:52:46] [WARNING] Unexpected system response, continuing...
[2025-09-11 20:32:18] [ERROR] Attacker uploading segment 86...
[2025-09-11 21:14:23] [DEBUG] Random data injected: qBLKmwruiwa3pkoTqPc4
[2025-09-11 21:15:59] [INFO] File data segment: bcbbc0cff57dd678e459b08d93c8bc4fcfea08234c3ecc1162ca28442c5db152
[2025-09-11 20:46:58] [ERROR] Upload failure, retrying...
[2025-09-11 20:51:57] [INFO] Uploaded data: aEITnYqHxvm5wGs7oKRc
[2025-09-11 20:36:08] [DEBUG] Connection unstable, retrying upload...
[2025-09-11 20:53:56] [INFO] Uploading...
[2025-09-11 20:51:01] [WARNING] Unexpected system response, continuing...
[2025-09-11 20:23:13] [ERROR] Attacker uploading segment 87...
[2025-09-11 21:08:41] [DEBUG] Random data injected: 3QwzAaQP7aedcTk5uwzh
[2025-09-11 20:27:11] [INFO] File data segment: a7490bbc4b2ca65acbbb863f28801490e539e8a0e66016803fb4dc81586a3770
[2025-09-11 20:41:21] [ERROR] Upload failure, retrying...
[2025-09-11 21:09:34] [INFO] Uploaded data: 7ZQuDLOx7RMdOuzvX5GJ
[2025-09-11 20:45:38] [DEBUG] Connection unstable, retrying upload...
[2025-09-11 20:22:54] [INFO] Uploading...
[2025-09-11 20:35:26] [WARNING] Unexpected system response, continuing...
[2025-09-11 20:53:50] [ERROR] Attacker uploading segment 88...
[2025-09-11 20:47:07] [DEBUG] Random data injected: 4IjMrJywApxU6YamY96X
[2025-09-11 20:35:06] [INFO] File data segment: 7ebd0f4f8ad8fbf63f3cef3b1071e7dac8a5ec03b26e572b6d3afe1c778cda14
[2025-09-11 20:59:43] [ERROR] Upload failure, retrying...
[2025-09-11 20:26:00] [INFO] Uploaded data: eEqvyVROMcxCUWSlUDhu
[2025-09-11 21:06:17] [DEBUG] Connection unstable, retrying upload...
[2025-09-11 21:02:07] [INFO] Uploading...
[2025-09-11 21:04:59] [WARNING] Unexpected system response, continuing...
[2025-09-11 20:30:54] [ERROR] Attacker uploading segment 89...
[2025-09-11 20:37:42] [DEBUG] Random data injected: yKhHJTulYNd7Zk3t96pi
[2025-09-11 21:02:35] [INFO] File data segment: 02841025e90d2565269d98b2d3bf5732f54f043b02f7e82ac79eaf946bb82d45
[2025-09-11 20:28:05] [ERROR] Upload failure, retrying...
[2025-09-11 20:23:20] [INFO] Uploaded data: kYD7ZcxNcuUwQuM3sNNg
[2025-09-11 20:23:02] [DEBUG] Connection unstable, retrying upload...
[2025-09-11 20:43:30] [INFO] Uploading...
[2025-09-11 20:34:04] [WARNING] Unexpected system response, continuing...
[2025-09-11 20:35:51] [DEBUG] Attacker uploading segment 90...
[2025-09-11 20:52:57] [DEBUG] Random data injected: eD8zQi1882ijosv6WkzK
[2025-09-11 20:33:32] [INFO] File data segment: fe41d14514a473045a3c4df343ec3d681a6165351a58e806478594f63d21397c
[2025-09-11 20:57:09] [ERROR] Upload failure, retrying...
[2025-09-11 21:20:43] [INFO] Uploaded data: 3a6VEpIvcw5IgR8EJhxz
[2025-09-11 20:46:43] [DEBUG] Connection unstable, retrying upload...
[2025-09-11 21:18:06] [INFO] Uploading...
[2025-09-11 21:19:16] [WARNING] Unexpected system response, continuing...
[2025-09-11 20:28:34] [ERROR] Attacker uploading segment 91...
[2025-09-11 20:57:29] [DEBUG] Random data injected: sOw5ELwyzUKGzIBOGMcU
[2025-09-11 20:24:26] [INFO] File data segment: 973beba8bf9f3c06d72270d9116c28ace9749fd882b70f12dfdf1b8e866379ad
[2025-09-11 20:22:46] [ERROR] Upload failure, retrying...
[2025-09-11 21:02:24] [INFO] Uploaded data: Bv2Q2oNUBKqaNVAQ7YYM
[2025-09-11 20:38:19] [DEBUG] Connection unstable, retrying upload...
[2025-09-11 21:17:56] [INFO] Uploading...
[2025-09-11 20:41:08] [WARNING] Unexpected system response, continuing...
[2025-09-11 20:46:08] [INFO] Attacker uploading segment 92...
[2025-09-11 21:02:20] [DEBUG] Random data injected: 4tJpAxGb9Rr92iL6t1Xb
[2025-09-11 20:52:53] [INFO] File data segment: f10caa42a2ac9ebede06a4046cb958b5c8640a302fc049b2dba025137531d600
[2025-09-11 20:31:48] [ERROR] Upload failure, retrying...
[2025-09-11 20:51:42] [INFO] Uploaded data: V6kAyMhzQFn6dUqAMxwW
[2025-09-11 20:27:57] [DEBUG] Connection unstable, retrying upload...
[2025-09-11 21:04:58] [INFO] Uploading...
[2025-09-11 20:45:35] [WARNING] Unexpected system response, continuing...
[2025-09-11 20:29:33] [INFO] Attacker uploading segment 93...
[2025-09-11 20:31:31] [DEBUG] Random data injected: eCjH2Z9s6YppLbogOidU
[2025-09-11 21:04:29] [INFO] File data segment: 00e98a6e5b9d05c169e523ec486208ce5d0aa1147e81f5f82f894d64b7b8cd8d
[2025-09-11 21:15:50] [ERROR] Upload failure, retrying...
[2025-09-11 20:32:19] [INFO] Uploaded data: xRhxEgLTiFPNMXwU5TQk
[2025-09-11 21:08:04] [DEBUG] Connection unstable, retrying upload...
[2025-09-11 21:21:26] [INFO] Uploading...
[2025-09-11 20:52:13] [WARNING] Unexpected system response, continuing...
[2025-09-11 20:58:55] [DEBUG] Attacker uploading segment 94...
[2025-09-11 20:33:40] [DEBUG] Random data injected: uOUVd56HY9QeU7CbSwdG
[2025-09-11 21:13:04] [INFO] File data segment: 1baedb350cff09b8c999732404faa2bbd0e3157330f2d265795176d24641c49c
[2025-09-11 20:36:08] [ERROR] Upload failure, retrying...
[2025-09-11 21:14:55] [INFO] Uploaded data: 0nlt1aIkFybS10bEPUn5
[2025-09-11 20:45:09] [DEBUG] Connection unstable, retrying upload...
[2025-09-11 20:26:44] [INFO] Uploading...
[2025-09-11 20:32:53] [WARNING] Unexpected system response, continuing...
[2025-09-11 21:11:03] [WARNING] Attacker uploading segment 95...
[2025-09-11 21:04:35] [DEBUG] Random data injected: 1E6fgnRRckmTF7llu1nq
[2025-09-11 20:42:57] [INFO] File data segment: bfcbfca19422b2f640cfdc23f55a90044b70ac69cd24d4e81203954216a3a8cd
[2025-09-11 20:25:45] [ERROR] Upload failure, retrying...
[2025-09-11 20:47:24] [INFO] Uploaded data: zKlaMnzCGnjRlsfcxRcm
[2025-09-11 20:42:31] [DEBUG] Connection unstable, retrying upload...
[2025-09-11 21:13:53] [INFO] Uploading...
[2025-09-11 21:10:16] [WARNING] Unexpected system response, continuing...
[2025-09-11 20:51:56] [DEBUG] Attacker uploading segment 96...
[2025-09-11 20:48:41] [DEBUG] Random data injected: qae3UJQHQasT3EKig3gP
[2025-09-11 20:59:26] [INFO] File data segment: 708a32d18d7e4cc47ef048f0d1dbf8d983729c15a469f72748771dfbb2a1c2f4
[2025-09-11 20:26:46] [ERROR] Upload failure, retrying...
[2025-09-11 21:03:38] [INFO] Uploaded data: JxUsA8B7EXpbrZwn7fYT
[2025-09-11 20:56:14] [DEBUG] Connection unstable, retrying upload...
[2025-09-11 20:47:17] [INFO] Uploading...
[2025-09-11 20:40:00] [WARNING] Unexpected system response, continuing...
[2025-09-11 21:09:43] [INFO] Attacker uploading segment 97...
[2025-09-11 20:44:09] [DEBUG] Random data injected: MnChEurJUknDFTsddmdt
[2025-09-11 20:53:29] [INFO] File data segment: 7176687b45f38ddb4bd6c549c88fd70c2884223e9d87cd6054f9b7a45f5f2e45
[2025-09-11 21:08:37] [ERROR] Upload failure, retrying...
[2025-09-11 21:07:50] [INFO] Uploaded data: OCCXi8vSVU1DiuNt0aq8
[2025-09-11 21:12:45] [DEBUG] Connection unstable, retrying upload...
[2025-09-11 20:46:52] [INFO] Uploading...
[2025-09-11 20:53:07] [WARNING] Unexpected system response, continuing...
[2025-09-11 21:14:23] [ERROR] Attacker uploading segment 98...
[2025-09-11 20:54:38] [DEBUG] Random data injected: 13WI1wywQXlAL3f6Z9W5
[2025-09-11 20:47:01] [INFO] File data segment: 5b907484ee85125ad32072a175b2232d94dfc664d0894e4abe53b6c778044d5f
[2025-09-11 21:03:58] [ERROR] Upload failure, retrying...
[2025-09-11 21:10:26] [INFO] Uploaded data: zcqfqQtZEiSp6MoVei5Q
[2025-09-11 20:37:50] [DEBUG] Connection unstable, retrying upload...
[2025-09-11 20:40:54] [INFO] Uploading...
[2025-09-11 20:58:20] [WARNING] Unexpected system response, continuing...
[2025-09-11 20:26:01] [WARNING] Attacker uploading segment 99...
[2025-09-11 20:46:30] [DEBUG] Random data injected: PTTUaTPa89DzOJtinJ4u
[2025-09-11 20:41:23] [INFO] File data segment: 8f460f9ec4d812d64279231fed2a40df49daaed4052b1baf3fcc52b7382b69c7
[2025-09-11 20:39:57] [ERROR] Upload failure, retrying...
[2025-09-11 21:05:31] [INFO] Uploaded data: uS2oz3cF2z1VjdZQ67RI
[2025-09-11 21:18:51] [DEBUG] Connection unstable, retrying upload...
[2025-09-11 20:52:02] [INFO] Uploading...
[2025-09-11 20:53:17] [WARNING] Unexpected system response, continuing...
[2025-09-11 20:31:12] [INFO] Attacker uploading segment 100...
[2025-09-11 21:01:36] [DEBUG] Random data injected: is6VYH6TaUXscLiYy1Wn
[2025-09-11 21:07:51] [INFO] File data segment: 19ace38d6336a9491a16561bc62c4ebdec665173b7b3953222d98bb1bea007d1
[2025-09-11 20:54:29] [ERROR] Upload failure, retrying...
[2025-09-11 20:33:15] [INFO] Uploaded data: JyaBJ8z0euhnV0YUNO10
[2025-09-11 21:12:21] [DEBUG] Connection unstable, retrying upload...
[2025-09-11 21:12:44] [INFO] Uploading...
[2025-09-11 21:15:57] [WARNING] Unexpected system response, continuing...
[2025-09-11 20:55:05] [WARNING] Attacker uploading segment 101...
[2025-09-11 21:09:05] [DEBUG] Random data injected: WwthdygO0sRh6ErVcGXA
[2025-09-11 20:59:34] [INFO] File data segment: fa0db9a475342b69c379a2c5d6f526fca37b7ea7ba5b054830ad769d741e3ef9
[2025-09-11 20:57:16] [ERROR] Upload failure, retrying...
[2025-09-11 20:27:40] [INFO] Uploaded data: pgD1Y500rm2L7yZLDxHu
[2025-09-11 20:44:18] [DEBUG] Connection unstable, retrying upload...
[2025-09-11 20:35:29] [INFO] Uploading...
[2025-09-11 21:09:01] [WARNING] Unexpected system response, continuing...
[2025-09-11 21:02:10] [INFO] Attacker uploading segment 102...
[2025-09-11 21:15:13] [DEBUG] Random data injected: qtvwvaq9avYSx20oOcz8
[2025-09-11 20:24:42] [INFO] File data segment: 3f79bb603f09483a83de342a8df2808c7dcb493888d6239cae69b59f86f072a7
[2025-09-11 21:19:52] [ERROR] Upload failure, retrying...
[2025-09-11 20:24:52] [INFO] Uploaded data: OeOcgNLgKSquf5AuNN9Z
[2025-09-11 20:55:09] [DEBUG] Connection unstable, retrying upload...
[2025-09-11 20:59:27] [INFO] Uploading...
[2025-09-11 20:55:16] [WARNING] Unexpected system response, continuing...
[2025-09-11 20:32:31] [INFO] Attacker uploading segment 103...
[2025-09-11 20:50:46] [DEBUG] Random data injected: Ni08S0V9h9AAuq1teu2r
[2025-09-11 20:46:29] [INFO] File data segment: 9a34e1a16a645ebb76aadb4d7be717d0abae3835b1f603ab0d6cedf44e63050e
[2025-09-11 20:23:44] [ERROR] Upload failure, retrying...
[2025-09-11 20:52:19] [INFO] Uploaded data: SOtBPAI3KOaCl90gtcJW
[2025-09-11 20:44:54] [DEBUG] Connection unstable, retrying upload...
[2025-09-11 21:20:39] [INFO] Uploading...
[2025-09-11 20:44:42] [WARNING] Unexpected system response, continuing...
[2025-09-11 20:47:30] [INFO] Attacker uploading segment 104...
[2025-09-11 20:33:46] [DEBUG] Random data injected: w2WEy9xBF9bFMFfoq5JH
[2025-09-11 20:41:28] [INFO] File data segment: 438039746ff3fc666b1f490834622b5b54a7e2bed07de0f10478d998c5039d48
[2025-09-11 21:22:13] [ERROR] Upload failure, retrying...
[2025-09-11 20:27:01] [INFO] Uploaded data: O0bREIlduTWfMD9rQltO
[2025-09-11 21:07:54] [DEBUG] Connection unstable, retrying upload...
[2025-09-11 20:55:51] [INFO] Uploading...
[2025-09-11 20:44:21] [WARNING] Unexpected system response, continuing...
[2025-09-11 20:26:48] [INFO] Attacker uploading segment 105...
[2025-09-11 21:02:24] [DEBUG] Random data injected: Xqui0A5xcF2u2aXO4uzC
[2025-09-11 20:38:35] [INFO] File data segment: 9df8ddaad0950ac12056fdf094333400a0b5eb6ac475484209d49414afa86518
[2025-09-11 20:58:37] [ERROR] Upload failure, retrying...
[2025-09-11 20:49:09] [INFO] Uploaded data: ofB3wbZIyvnpihgRWbsU
[2025-09-11 20:29:43] [DEBUG] Connection unstable, retrying upload...
[2025-09-11 20:43:40] [INFO] Uploading...
[2025-09-11 20:45:39] [WARNING] Unexpected system response, continuing...
[2025-09-11 20:22:55] [DEBUG] Attacker uploading segment 106...
[2025-09-11 21:01:03] [DEBUG] Random data injected: lG8LiXneglzDUON9TWFK
[2025-09-11 21:15:11] [INFO] File data segment: bfcbb4221d595c83ec63575dbbec73a95ce1e05e000dfcc2dfa8f9fe572e71c8
[2025-09-11 20:35:36] [ERROR] Upload failure, retrying...
[2025-09-11 21:20:13] [INFO] Uploaded data: 1uDl7M8wUieHjjpUeg2w
[2025-09-11 21:20:50] [DEBUG] Connection unstable, retrying upload...
[2025-09-11 21:15:59] [INFO] Uploading...
[2025-09-11 20:58:56] [WARNING] Unexpected system response, continuing...
[2025-09-11 20:34:07] [ERROR] Attacker uploading segment 107...
[2025-09-11 20:45:00] [DEBUG] Random data injected: DLuTMMocKKKdedor21aF
[2025-09-11 20:46:03] [INFO] File data segment: 1b5e2547fcd85638fd2c610c3e85ce2f69dab03ef5c1b82b5aaf0a3b4e634795
[2025-09-11 20:25:43] [ERROR] Upload failure, retrying...
[2025-09-11 20:42:02] [INFO] Uploaded data: SjKvqFuqeIII7bu1ZRWP
[2025-09-11 20:34:46] [DEBUG] Connection unstable, retrying upload...
[2025-09-11 20:33:59] [INFO] Uploading...
[2025-09-11 20:33:52] [WARNING] Unexpected system response, continuing...
[2025-09-11 21:13:50] [INFO] Attacker uploading segment 108...
[2025-09-11 21:10:15] [DEBUG] Random data injected: QvBiGMBCTxZtnJ0nUcLm
[2025-09-11 20:49:22] [INFO] File data segment: 160bfa1596fd747d5cfd0ec8fa902d430aacf979dbfe9f352b53c58a80f68684
[2025-09-11 20:41:52] [ERROR] Upload failure, retrying...
[2025-09-11 21:17:51] [INFO] Uploaded data: j1rnQu9m24S8ajpHVo74
[2025-09-11 20:26:18] [DEBUG] Connection unstable, retrying upload...
[2025-09-11 20:42:28] [INFO] Uploading...
[2025-09-11 20:26:50] [WARNING] Unexpected system response, continuing...
[2025-09-11 20:56:50] [INFO] Attacker uploading segment 109...
[2025-09-11 20:38:17] [DEBUG] Random data injected: EZDCtDw4oSDHx0dFk8sN
[2025-09-11 21:08:38] [INFO] File data segment: c560c12056fdf094333400a0b5eb6ac475484209d49414afa86518bfcbb4221d
[2025-09-11 21:10:51] [ERROR] Upload failure, retrying...
[2025-09-11 21:14:07] [INFO] Uploaded data: N9GXg0GrcPP1v4tdwxxt
[2025-09-11 20:29:13] [DEBUG] Connection unstable, retrying upload...
[2025-09-11 20:59:20] [INFO] Uploading...
[2025-09-11 21:09:42] [WARNING] Unexpected system response, continuing...
[2025-09-11 21:10:12] [WARNING] Attacker uploading segment 110...
[2025-09-11 20:37:36] [DEBUG] Random data injected: 6V8BQOzI5Yf4I6K76WNR
[2025-09-11 20:31:36] [INFO] File data segment: 595c83ec63575dbbec73a95ce1e05e000dfcc2dfa8f9fe572e71c81b5e2547fc
[2025-09-11 20:40:20] [ERROR] Upload failure, retrying...
[2025-09-11 21:12:47] [INFO] Uploaded data: KGz0MPvvvaNXYHjbU7UC
[2025-09-11 20:36:11] [DEBUG] Connection unstable, retrying upload...
[2025-09-11 20:46:49] [INFO] Uploading...
[2025-09-11 20:23:52] [WARNING] Unexpected system response, continuing...
[2025-09-11 21:18:50] [DEBUG] Attacker uploading segment 111...
[2025-09-11 20:37:34] [DEBUG] Random data injected: eViJdKD4NcQLZijvFn48
[2025-09-11 21:04:14] [INFO] File data segment: d85638fd2c610c3e85ce2f69dab03ef5c1b82b5aaf0a3b4e634795160bfa1596
[2025-09-11 21:09:22] [ERROR] Upload failure, retrying...
[2025-09-11 21:00:52] [INFO] Uploaded data: wNaB8KM4ggVkUNjHXUDh
[2025-09-11 20:30:07] [DEBUG] Connection unstable, retrying upload...
[2025-09-11 20:46:59] [INFO] Uploading...
[2025-09-11 21:11:49] [WARNING] Unexpected system response, continuing...
[2025-09-11 20:29:20] [ERROR] Attacker uploading segment 112...
[2025-09-11 21:00:29] [DEBUG] Random data injected: 4wfz1KsJoJEMCRYUiB3Q
[2025-09-11 20:34:28] [INFO] File data segment: fd747d5cfd0ec8fa902d430aacf979dbfe9f352b53c58a80f68684c5608c6a38
[2025-09-11 20:59:55] [ERROR] Upload failure, retrying...
[2025-09-11 20:57:44] [INFO] Uploaded data: KPvyZ8bV78p5GcX4GwhM
[2025-09-11 20:47:09] [DEBUG] Connection unstable, retrying upload...
[2025-09-11 20:54:20] [INFO] Uploading...
[2025-09-11 20:50:12] [WARNING] Unexpected system response, continuing...
[2025-09-11 20:38:37] [INFO] Attacker uploading segment 113...
[2025-09-11 20:49:52] [DEBUG] Random data injected: NbWAlYFtilfjLYcUldNz
[2025-09-11 20:45:41] [INFO] File data segment: 2c850db7050005c019b0d2050504010305040c88e805020e0405042424041709
[2025-09-11 20:25:51] [ERROR] Upload failure, retrying...
[2025-09-11 20:45:33] [INFO] Uploaded data: bL9ADHTEK5TCXFvJt2aG
[2025-09-11 21:19:22] [DEBUG] Connection unstable, retrying upload...
[2025-09-11 21:05:23] [INFO] Uploading...
[2025-09-11 20:49:04] [WARNING] Unexpected system response, continuing...
[2025-09-11 20:35:18] [INFO] Attacker uploading segment 114...
[2025-09-11 21:10:31] [DEBUG] Random data injected: 2tvHDgBfEbKCVrf4qZA7
[2025-09-11 20:41:56] [INFO] File data segment: e5050525050d0f045ee9ec33050500041c0d0505050505050505141605630569
[2025-09-11 21:08:30] [ERROR] Upload failure, retrying...
[2025-09-11 21:04:20] [INFO] Uploaded data: HpehQLHZqXQ2VmZy1uBc
[2025-09-11 21:07:23] [DEBUG] Connection unstable, retrying upload...
[2025-09-11 21:15:09] [INFO] Uploading...
[2025-09-11 20:39:15] [WARNING] Unexpected system response, continuing...
[2025-09-11 20:27:30] [DEBUG] Attacker uploading segment 115...
[2025-09-11 20:59:49] [DEBUG] Random data injected: wkzYENJQdNe14Sn8dqxc
[2025-09-11 20:55:09] [INFO] File data segment: 05640562052b0575056b05620505051c05110f0405b82590701826d904100304
[2025-09-11 20:31:44] [ERROR] Upload failure, retrying...
[2025-09-11 21:05:30] [INFO] Uploaded data: DGVu6hWHtqRS3U4eBFEG
[2025-09-11 20:38:49] [DEBUG] Connection unstable, retrying upload...
[2025-09-11 20:24:44] [INFO] Uploading...
[2025-09-11 21:07:49] [WARNING] Unexpected system response, continuing...
[2025-09-11 20:31:36] [ERROR] Attacker uploading segment 116...
[2025-09-11 20:35:21] [DEBUG] Random data injected: HNZbhYPydRKFi242AlFa
[2025-09-11 20:49:55] [INFO] File data segment: 05250505050505
[2025-09-11 21:16:10] [ERROR] Upload failure, retrying...
[2025-09-11 20:29:59] [INFO] Uploaded data: 6pqExBM1t56502zecYMd
[2025-09-11 20:25:27] [DEBUG] Connection unstable, retrying upload...
[2025-09-11 20:41:56] [INFO] Uploading...
[2025-09-11 21:21:43] [WARNING] Unexpected system response, continuing...
[2025-09-11 21:02:21] [INFO] Attack complete. File upload successful.
[2025-09-11 20:25:37] [DEBUG] Malicious file extracted and executed.
[2025-09-11 20:38:31] [ERROR] Server crash detected after attack.
[2025-09-11 20:31:17] [INFO] Server shutting down...
